2026-02-02 17:15:52
Array
(
    [action] => request_room
    [room_id] => 21
    [tenant_info_name] => irene
    [tenant_info_email] => irene@gmail.com
    [tenant_info_phone] => 09014204404
    [tenant_info_address] => cdo
    [checkin_date] => 2026-02-04
    [checkout_date] => 2026-02-05
    [guest_count] => 1
    [notes] => 
)


2026-02-03 11:52:11
Array
(
    [action] => request_room
    [room_id] => 20
    [tenant_info_name] => hanni pham
    [tenant_info_email] => hanni@gmail.com
    [tenant_info_phone] => 09014204404
    [tenant_info_address] => cdo
    [checkin_date] => 2026-02-07 3:00 PM
    [checkout_date] => 2026-02-09 3:00 PM
    [guest_count] => 1
    [notes] => 
)


2026-02-03 12:06:31
Array
(
    [action] => request_room
    [room_id] => 20
    [tenant_info_name] => hanni pham
    [tenant_info_email] => hanni@gmail.com
    [tenant_info_phone] => 09014204404
    [tenant_info_address] => cdo
    [checkin_date] => 2026-02-07 12:00 PM
    [checkout_date] => 2026-02-09 12:00 PM
    [guest_count] => 1
    [notes] => 
)


2026-02-03 13:50:24
Array
(
    [action] => request_room
    [room_id] => 20
    [tenant_info_name] => hanni pham
    [tenant_info_email] => hanni@gmail.com
    [tenant_info_phone] => 09014204404
    [tenant_info_address] => cdo
    [checkin_date] => 2026-02-07 12:00 PM
    [checkout_date] => 2026-02-09 12:00 PM
    [guest_count] => 1
    [notes] => 
)


2026-02-03 14:50:34
Array
(
    [action] => request_room
    [room_id] => 20
    [tenant_info_name] => hanni pham
    [tenant_info_email] => hanni@gmail.com
    [tenant_info_phone] => 09014204404
    [tenant_info_address] => cdo
    [checkin_date] => 2026-02-07 12:00 PM
    [checkout_date] => 2026-02-09 12:00 PM
    [guest_count] => 1
    [notes] => 
)


2026-02-04 08:26:23
Array
(
    [action] => request_room
    [room_id] => 22
    [tenant_info_name] => collin lee
    [tenant_info_email] => irene@gmail.com
    [tenant_info_phone] => 09014204404
    [tenant_info_address] => cdo
    [checkin_date] => 2026-02-05 12:00 PM
    [checkout_date] => 2026-02-06 12:00 PM
    [guest_count] => 1
    [notes] => 
)


2026-02-04 08:48:46
Array
(
    [action] => request_room
    [room_id] => 24
    [tenant_info_name] => rei
    [tenant_info_email] => rei@gmail.com
    [tenant_info_phone] => 2231
    [tenant_info_address] => asc
    [checkin_date] => 2026-02-05 12:00 PM
    [checkout_date] => 2026-02-06 12:00 PM
    [guest_count] => 1
    [notes] => 
)


